<?xml version="1.0" encoding="UTF-8"?>
<testng-results ignored="0" total="4" passed="4" failed="0" skipped="0">
  <reporter-output>
  </reporter-output>
  <suite started-at="2024-03-07T15:00:37 IST" name="Default suite" finished-at="2024-03-07T15:00:49 IST" duration-ms="12478">
    <groups>
    </groups>
    <test started-at="2024-03-07T15:00:37 IST" name="Default test" finished-at="2024-03-07T15:00:49 IST" duration-ms="12478">
      <class name="api.test.UserTests">
        <test-method is-config="true" signature="genrateData()[pri:0, instance:api.test.UserTests@49e53c76]" started-at="2024-03-07T15:00:37 IST" name="genrateData" finished-at="2024-03-07T15:00:38 IST" duration-ms="640" status="PASS">
          <reporter-output>
          </reporter-output>
        </test-method> <!-- genrateData -->
        <test-method signature="testPostUserApi()[pri:1, instance:api.test.UserTests@49e53c76]" started-at="2024-03-07T15:00:38 IST" name="testPostUserApi" finished-at="2024-03-07T15:00:45 IST" duration-ms="6863" status="PASS">
          <reporter-output>
          </reporter-output>
        </test-method> <!-- testPostUserApi -->
        <test-method signature="testGetUserApi()[pri:2, instance:api.test.UserTests@49e53c76]" started-at="2024-03-07T15:00:45 IST" name="testGetUserApi" finished-at="2024-03-07T15:00:47 IST" duration-ms="2647" status="PASS">
          <reporter-output>
          </reporter-output>
        </test-method> <!-- testGetUserApi -->
        <test-method signature="testUpdateUserApi()[pri:3, instance:api.test.UserTests@49e53c76]" started-at="2024-03-07T15:00:47 IST" name="testUpdateUserApi" finished-at="2024-03-07T15:00:48 IST" duration-ms="1103" status="PASS">
          <reporter-output>
          </reporter-output>
        </test-method> <!-- testUpdateUserApi -->
        <test-method signature="testDeleteUser()[pri:4, instance:api.test.UserTests@49e53c76]" started-at="2024-03-07T15:00:48 IST" name="testDeleteUser" finished-at="2024-03-07T15:00:49 IST" duration-ms="1082" status="PASS">
          <reporter-output>
          </reporter-output>
        </test-method> <!-- testDeleteUser -->
      </class> <!-- api.test.UserTests -->
    </test> <!-- Default test -->
  </suite> <!-- Default suite -->
</testng-results>
